<?xml version="1.0" encoding="UTF-8"?>
<coverage generated="1606818144893" clover="3.2.0">
  <project timestamp="1606818144893" name="All files">
    <metrics statements="161" coveredstatements="108" conditionals="24" coveredconditionals="15" methods="75" coveredmethods="44" elements="260" coveredelements="167" complexity="0" loc="161" ncloc="161" packages="9" files="11" classes="11"/>
    <package name="src">
      <metrics statements="2" coveredstatements="0" conditionals="2" coveredconditionals="0" methods="0" coveredmethods="0"/>
      <file name="index.tsx" path="/home/new/Desktop/clockware-application/client/src/index.tsx">
        <metrics statements="2" coveredstatements="0" conditionals="2" coveredconditionals="0" methods="0" coveredmethods="0"/>
        <line num="11" count="0" type="stmt"/>
        <line num="23" count="0" type="stmt"/>
      </file>
    </package>
    <package name="src.api">
      <metrics statements="6" coveredstatements="5" conditionals="2" coveredconditionals="1" methods="3" coveredmethods="2"/>
      <file name="updateElement.ts" path="/home/new/Desktop/clockware-application/client/src/api/updateElement.ts">
        <metrics statements="6" coveredstatements="5" conditionals="2" coveredconditionals="1" methods="3" coveredmethods="2"/>
        <line num="9" count="6" type="stmt"/>
        <line num="16" count="1" type="cond" truecount="1" falsecount="1"/>
        <line num="18" count="1" type="stmt"/>
        <line num="23" count="1" type="stmt"/>
        <line num="24" count="1" type="stmt"/>
        <line num="26" count="0" type="stmt"/>
      </file>
    </package>
    <package name="src.store">
      <metrics statements="3" coveredstatements="3" conditionals="0" coveredconditionals="0" methods="0" coveredmethods="0"/>
      <file name="reducer.ts" path="/home/new/Desktop/clockware-application/client/src/store/reducer.ts">
        <metrics statements="3" coveredstatements="3" conditionals="0" coveredconditionals="0" methods="0" coveredmethods="0"/>
        <line num="12" count="11" type="stmt"/>
        <line num="21" count="11" type="stmt"/>
        <line num="25" count="11" type="stmt"/>
      </file>
    </package>
    <package name="src.store.cities">
      <metrics statements="17" coveredstatements="13" conditionals="0" coveredconditionals="0" methods="11" coveredmethods="8"/>
      <file name="actions.ts" path="/home/new/Desktop/clockware-application/client/src/store/cities/actions.ts">
        <metrics statements="17" coveredstatements="13" conditionals="0" coveredconditionals="0" methods="11" coveredmethods="8"/>
        <line num="26" count="7" type="stmt"/>
        <line num="27" count="11" type="stmt"/>
        <line num="28" count="11" type="stmt"/>
        <line num="30" count="11" type="stmt"/>
        <line num="31" count="0" type="stmt"/>
        <line num="32" count="0" type="stmt"/>
        <line num="34" count="0" type="stmt"/>
        <line num="35" count="0" type="stmt"/>
        <line num="40" count="7" type="stmt"/>
        <line num="41" count="12" type="stmt"/>
        <line num="46" count="7" type="stmt"/>
        <line num="47" count="1" type="stmt"/>
        <line num="53" count="7" type="stmt"/>
        <line num="54" count="1" type="stmt"/>
        <line num="61" count="1" type="stmt"/>
        <line num="69" count="1" type="stmt"/>
        <line num="76" count="1" type="stmt"/>
      </file>
    </package>
    <package name="src.store.masters">
      <metrics statements="17" coveredstatements="13" conditionals="0" coveredconditionals="0" methods="11" coveredmethods="8"/>
      <file name="actions.ts" path="/home/new/Desktop/clockware-application/client/src/store/masters/actions.ts">
        <metrics statements="17" coveredstatements="13" conditionals="0" coveredconditionals="0" methods="11" coveredmethods="8"/>
        <line num="33" count="6" type="stmt"/>
        <line num="34" count="8" type="stmt"/>
        <line num="35" count="8" type="stmt"/>
        <line num="37" count="8" type="stmt"/>
        <line num="38" count="0" type="stmt"/>
        <line num="39" count="0" type="stmt"/>
        <line num="41" count="0" type="stmt"/>
        <line num="42" count="0" type="stmt"/>
        <line num="47" count="6" type="stmt"/>
        <line num="48" count="9" type="stmt"/>
        <line num="53" count="6" type="stmt"/>
        <line num="54" count="1" type="stmt"/>
        <line num="60" count="6" type="stmt"/>
        <line num="61" count="1" type="stmt"/>
        <line num="68" count="1" type="stmt"/>
        <line num="76" count="1" type="stmt"/>
        <line num="83" count="1" type="stmt"/>
      </file>
    </package>
    <package name="src.store.orders">
      <metrics statements="41" coveredstatements="37" conditionals="13" coveredconditionals="10" methods="13" coveredmethods="10"/>
      <file name="actions.ts" path="/home/new/Desktop/clockware-application/client/src/store/orders/actions.ts">
        <metrics statements="18" coveredstatements="14" conditionals="2" coveredconditionals="1" methods="10" coveredmethods="7"/>
        <line num="87" count="3" type="stmt"/>
        <line num="88" count="2" type="stmt"/>
        <line num="89" count="2" type="stmt"/>
        <line num="91" count="2" type="cond" truecount="1" falsecount="1"/>
        <line num="93" count="2" type="stmt"/>
        <line num="99" count="2" type="stmt"/>
        <line num="100" count="0" type="stmt"/>
        <line num="101" count="0" type="stmt"/>
        <line num="103" count="0" type="stmt"/>
        <line num="104" count="0" type="stmt"/>
        <line num="109" count="3" type="stmt"/>
        <line num="110" count="3" type="stmt"/>
        <line num="115" count="3" type="stmt"/>
        <line num="116" count="1" type="stmt"/>
        <line num="122" count="3" type="stmt"/>
        <line num="123" count="1" type="stmt"/>
        <line num="130" count="1" type="stmt"/>
        <line num="138" count="1" type="stmt"/>
      </file>
      <file name="reducer.ts" path="/home/new/Desktop/clockware-application/client/src/store/orders/reducer.ts">
        <metrics statements="23" coveredstatements="23" conditionals="11" coveredconditionals="9" methods="3" coveredmethods="3"/>
        <line num="15" count="12" type="stmt"/>
        <line num="21" count="55" type="cond" truecount="1" falsecount="1"/>
        <line num="22" count="55" type="stmt"/>
        <line num="24" count="55" type="cond" truecount="6" falsecount="0"/>
        <line num="26" count="2" type="stmt"/>
        <line num="31" count="1" type="stmt"/>
        <line num="37" count="1" type="stmt"/>
        <line num="43" count="1" type="stmt"/>
        <line num="44" count="1" type="stmt"/>
        <line num="45" count="1" type="cond" truecount="1" falsecount="1"/>
        <line num="46" count="1" type="stmt"/>
        <line num="47" count="1" type="stmt"/>
        <line num="48" count="1" type="stmt"/>
        <line num="49" count="1" type="stmt"/>
        <line num="50" count="1" type="stmt"/>
        <line num="51" count="1" type="stmt"/>
        <line num="52" count="1" type="stmt"/>
        <line num="53" count="1" type="stmt"/>
        <line num="55" count="1" type="stmt"/>
        <line num="60" count="1" type="stmt"/>
        <line num="61" count="1" type="stmt"/>
        <line num="62" count="1" type="stmt"/>
        <line num="67" count="49" type="stmt"/>
      </file>
    </package>
    <package name="src.store.ordersClient">
      <metrics statements="6" coveredstatements="6" conditionals="5" coveredconditionals="4" methods="2" coveredmethods="2"/>
      <file name="actions.ts" path="/home/new/Desktop/clockware-application/client/src/store/ordersClient/actions.ts">
        <metrics statements="1" coveredstatements="1" conditionals="0" coveredconditionals="0" methods="1" coveredmethods="1"/>
        <line num="25" count="4" type="stmt"/>
      </file>
      <file name="reducer.ts" path="/home/new/Desktop/clockware-application/client/src/store/ordersClient/reducer.ts">
        <metrics statements="5" coveredstatements="5" conditionals="5" coveredconditionals="4" methods="1" coveredmethods="1"/>
        <line num="10" count="12" type="stmt"/>
        <line num="15" count="51" type="cond" truecount="1" falsecount="1"/>
        <line num="17" count="51" type="cond" truecount="2" falsecount="0"/>
        <line num="19" count="3" type="stmt"/>
        <line num="24" count="48" type="stmt"/>
      </file>
    </package>
    <package name="src.store.prices">
      <metrics statements="15" coveredstatements="11" conditionals="0" coveredconditionals="0" methods="9" coveredmethods="6"/>
      <file name="actions.ts" path="/home/new/Desktop/clockware-application/client/src/store/prices/actions.ts">
        <metrics statements="15" coveredstatements="11" conditionals="0" coveredconditionals="0" methods="9" coveredmethods="6"/>
        <line num="24" count="5" type="stmt"/>
        <line num="25" count="7" type="stmt"/>
        <line num="26" count="7" type="stmt"/>
        <line num="28" count="7" type="stmt"/>
        <line num="29" count="0" type="stmt"/>
        <line num="30" count="0" type="stmt"/>
        <line num="32" count="0" type="stmt"/>
        <line num="33" count="0" type="stmt"/>
        <line num="38" count="5" type="stmt"/>
        <line num="39" count="8" type="stmt"/>
        <line num="44" count="5" type="stmt"/>
        <line num="45" count="1" type="stmt"/>
        <line num="51" count="5" type="stmt"/>
        <line num="52" count="1" type="stmt"/>
        <line num="59" count="1" type="stmt"/>
      </file>
    </package>
    <package name="src.store.users">
      <metrics statements="54" coveredstatements="20" conditionals="2" coveredconditionals="0" methods="26" coveredmethods="8"/>
      <file name="actions.ts" path="/home/new/Desktop/clockware-application/client/src/store/users/actions.ts">
        <metrics statements="54" coveredstatements="20" conditionals="2" coveredconditionals="0" methods="26" coveredmethods="8"/>
        <line num="40" count="5" type="stmt"/>
        <line num="41" count="0" type="stmt"/>
        <line num="42" count="0" type="stmt"/>
        <line num="44" count="0" type="stmt"/>
        <line num="45" count="0" type="stmt"/>
        <line num="49" count="0" type="stmt"/>
        <line num="50" count="0" type="stmt"/>
        <line num="52" count="0" type="stmt"/>
        <line num="53" count="0" type="stmt"/>
        <line num="56" count="0" type="stmt"/>
        <line num="57" count="0" type="stmt"/>
        <line num="62" count="5" type="stmt"/>
        <line num="63" count="0" type="stmt"/>
        <line num="64" count="0" type="stmt"/>
        <line num="66" count="0" type="stmt"/>
        <line num="71" count="0" type="stmt"/>
        <line num="72" count="0" type="stmt"/>
        <line num="74" count="0" type="stmt"/>
        <line num="75" count="0" type="cond" truecount="0" falsecount="2"/>
        <line num="76" count="0" type="stmt"/>
        <line num="77" count="0" type="stmt"/>
        <line num="80" count="0" type="stmt"/>
        <line num="81" count="0" type="stmt"/>
        <line num="86" count="5" type="stmt"/>
        <line num="87" count="0" type="stmt"/>
        <line num="88" count="0" type="stmt"/>
        <line num="90" count="0" type="stmt"/>
        <line num="91" count="0" type="stmt"/>
        <line num="96" count="0" type="stmt"/>
        <line num="97" count="0" type="stmt"/>
        <line num="99" count="0" type="stmt"/>
        <line num="100" count="0" type="stmt"/>
        <line num="103" count="0" type="stmt"/>
        <line num="104" count="0" type="stmt"/>
        <line num="109" count="5" type="stmt"/>
        <line num="110" count="1" type="stmt"/>
        <line num="115" count="5" type="stmt"/>
        <line num="116" count="1" type="stmt"/>
        <line num="121" count="5" type="stmt"/>
        <line num="122" count="1" type="stmt"/>
        <line num="128" count="5" type="stmt"/>
        <line num="129" count="1" type="stmt"/>
        <line num="134" count="5" type="stmt"/>
        <line num="135" count="1" type="stmt"/>
        <line num="140" count="5" type="stmt"/>
        <line num="141" count="1" type="stmt"/>
        <line num="147" count="5" type="stmt"/>
        <line num="148" count="0" type="stmt"/>
        <line num="153" count="5" type="stmt"/>
        <line num="154" count="0" type="stmt"/>
        <line num="159" count="5" type="stmt"/>
        <line num="160" count="0" type="stmt"/>
        <line num="167" count="1" type="stmt"/>
        <line num="174" count="1" type="stmt"/>
      </file>
    </package>
  </project>
</coverage>
