{"/home/new/Desktop/clockware-application/client/src/index.tsx": {"path":"/home/new/Desktop/clockware-application/client/src/index.tsx","statementMap":{"0":{"start":{"line":11,"column":0},"end":{"line":18,"column":2}},"1":{"start":{"line":23,"column":0},"end":{"line":23,"column":27}}},"fnMap":{},"branchMap":{"0":{"loc":{"start":{"line":17,"column":2},"end":{"line":17,"column":66}},"type":"binary-expr","locations":[{"start":{"line":17,"column":2},"end":{"line":17,"column":33}},{"start":{"line":17,"column":37},"end":{"line":17,"column":66}}],"line":17}},"s":{"0":0,"1":0},"f":{},"b":{"0":[0,0]},"hash":"9fcf3b5d6dfcf5e054d651cc5dbc89faac99e014"}
,"/home/new/Desktop/clockware-application/client/src/api/updateElement.ts": {"path":"/home/new/Desktop/clockware-application/client/src/api/updateElement.ts","statementMap":{"0":{"start":{"line":9,"column":29},"end":{"line":28,"column":1}},"1":{"start":{"line":16,"column":2},"end":{"line":16,"column":70}},"2":{"start":{"line":16,"column":27},"end":{"line":16,"column":70}},"3":{"start":{"line":18,"column":29},"end":{"line":22,"column":5}},"4":{"start":{"line":23,"column":4},"end":{"line":27,"column":11}},"5":{"start":{"line":24,"column":26},"end":{"line":24,"column":41}},"6":{"start":{"line":26,"column":12},"end":{"line":26,"column":42}}},"fnMap":{"0":{"name":"(anonymous_0)","decl":{"start":{"line":9,"column":29},"end":{"line":9,"column":30}},"loc":{"start":{"line":14,"column":19},"end":{"line":28,"column":1}},"line":14},"1":{"name":"(anonymous_1)","decl":{"start":{"line":24,"column":14},"end":{"line":24,"column":15}},"loc":{"start":{"line":24,"column":26},"end":{"line":24,"column":41}},"line":24},"2":{"name":"(anonymous_2)","decl":{"start":{"line":25,"column":15},"end":{"line":25,"column":16}},"loc":{"start":{"line":25,"column":24},"end":{"line":27,"column":9}},"line":25}},"branchMap":{"0":{"loc":{"start":{"line":16,"column":2},"end":{"line":16,"column":70}},"type":"if","locations":[{"start":{"line":16,"column":2},"end":{"line":16,"column":70}},{"start":{"line":16,"column":2},"end":{"line":16,"column":70}}],"line":16}},"s":{"0":6,"1":1,"2":0,"3":1,"4":1,"5":1,"6":0},"f":{"0":1,"1":1,"2":0},"b":{"0":[0,1]},"_coverageSchema":"43e27e138ebf9cfc5966b082cf9a028302ed4184","hash":"609302b3ef565f7fc8c1042b43d84d47b6e12103"}
,"/home/new/Desktop/clockware-application/client/src/store/reducer.ts": {"path":"/home/new/Desktop/clockware-application/client/src/store/reducer.ts","statementMap":{"0":{"start":{"line":12,"column":20},"end":{"line":19,"column":2}},"1":{"start":{"line":21,"column":25},"end":{"line":23,"column":1}},"2":{"start":{"line":25,"column":14},"end":{"line":28,"column":1}}},"fnMap":{},"branchMap":{},"s":{"0":11,"1":11,"2":11},"f":{},"b":{},"_coverageSchema":"43e27e138ebf9cfc5966b082cf9a028302ed4184","hash":"61e807205863e17c4b0b4576315ba343a6809849"}
,"/home/new/Desktop/clockware-application/client/src/store/cities/actions.ts": {"path":"/home/new/Desktop/clockware-application/client/src/store/cities/actions.ts","statementMap":{"0":{"start":{"line":26,"column":25},"end":{"line":38,"column":1}},"1":{"start":{"line":27,"column":2},"end":{"line":37,"column":3}},"2":{"start":{"line":28,"column":4},"end":{"line":28,"column":33}},"3":{"start":{"line":30,"column":4},"end":{"line":36,"column":9}},"4":{"start":{"line":31,"column":24},"end":{"line":31,"column":39}},"5":{"start":{"line":32,"column":20},"end":{"line":32,"column":52}},"6":{"start":{"line":34,"column":8},"end":{"line":34,"column":37}},"7":{"start":{"line":35,"column":8},"end":{"line":35,"column":41}},"8":{"start":{"line":40,"column":32},"end":{"line":44,"column":1}},"9":{"start":{"line":41,"column":2},"end":{"line":43,"column":3}},"10":{"start":{"line":46,"column":32},"end":{"line":51,"column":1}},"11":{"start":{"line":47,"column":2},"end":{"line":50,"column":3}},"12":{"start":{"line":53,"column":32},"end":{"line":58,"column":1}},"13":{"start":{"line":54,"column":2},"end":{"line":57,"column":3}},"14":{"start":{"line":61,"column":2},"end":{"line":65,"column":3}},"15":{"start":{"line":69,"column":2},"end":{"line":72,"column":3}},"16":{"start":{"line":76,"column":2},"end":{"line":79,"column":3}}},"fnMap":{"0":{"name":"(anonymous_0)","decl":{"start":{"line":26,"column":25},"end":{"line":26,"column":26}},"loc":{"start":{"line":26,"column":31},"end":{"line":38,"column":1}},"line":26},"1":{"name":"(anonymous_1)","decl":{"start":{"line":27,"column":9},"end":{"line":27,"column":10}},"loc":{"start":{"line":27,"column":33},"end":{"line":37,"column":3}},"line":27},"2":{"name":"(anonymous_2)","decl":{"start":{"line":31,"column":12},"end":{"line":31,"column":13}},"loc":{"start":{"line":31,"column":24},"end":{"line":31,"column":39}},"line":31},"3":{"name":"(anonymous_3)","decl":{"start":{"line":32,"column":12},"end":{"line":32,"column":13}},"loc":{"start":{"line":32,"column":20},"end":{"line":32,"column":52}},"line":32},"4":{"name":"(anonymous_4)","decl":{"start":{"line":33,"column":13},"end":{"line":33,"column":14}},"loc":{"start":{"line":33,"column":22},"end":{"line":36,"column":7}},"line":33},"5":{"name":"(anonymous_5)","decl":{"start":{"line":40,"column":32},"end":{"line":40,"column":33}},"loc":{"start":{"line":40,"column":46},"end":{"line":44,"column":1}},"line":40},"6":{"name":"(anonymous_6)","decl":{"start":{"line":46,"column":32},"end":{"line":46,"column":33}},"loc":{"start":{"line":46,"column":58},"end":{"line":51,"column":1}},"line":46},"7":{"name":"(anonymous_7)","decl":{"start":{"line":53,"column":32},"end":{"line":53,"column":33}},"loc":{"start":{"line":53,"column":56},"end":{"line":58,"column":1}},"line":53},"8":{"name":"updateCities","decl":{"start":{"line":60,"column":16},"end":{"line":60,"column":28}},"loc":{"start":{"line":60,"column":84},"end":{"line":66,"column":1}},"line":60},"9":{"name":"addCity","decl":{"start":{"line":68,"column":16},"end":{"line":68,"column":23}},"loc":{"start":{"line":68,"column":44},"end":{"line":73,"column":1}},"line":68},"10":{"name":"deleteCity","decl":{"start":{"line":75,"column":16},"end":{"line":75,"column":26}},"loc":{"start":{"line":75,"column":49},"end":{"line":80,"column":1}},"line":75}},"branchMap":{},"s":{"0":7,"1":11,"2":11,"3":11,"4":0,"5":0,"6":0,"7":0,"8":7,"9":12,"10":7,"11":1,"12":7,"13":1,"14":1,"15":1,"16":1},"f":{"0":11,"1":11,"2":0,"3":0,"4":0,"5":12,"6":1,"7":1,"8":1,"9":1,"10":1},"b":{},"_coverageSchema":"43e27e138ebf9cfc5966b082cf9a028302ed4184","hash":"3bd82036bf6cb2a7af4e9face5984aa86b945db6"}
,"/home/new/Desktop/clockware-application/client/src/store/masters/actions.ts": {"path":"/home/new/Desktop/clockware-application/client/src/store/masters/actions.ts","statementMap":{"0":{"start":{"line":33,"column":26},"end":{"line":45,"column":1}},"1":{"start":{"line":34,"column":2},"end":{"line":44,"column":3}},"2":{"start":{"line":35,"column":4},"end":{"line":35,"column":34}},"3":{"start":{"line":37,"column":4},"end":{"line":43,"column":9}},"4":{"start":{"line":38,"column":24},"end":{"line":38,"column":39}},"5":{"start":{"line":39,"column":20},"end":{"line":39,"column":53}},"6":{"start":{"line":41,"column":8},"end":{"line":41,"column":37}},"7":{"start":{"line":42,"column":8},"end":{"line":42,"column":42}},"8":{"start":{"line":47,"column":33},"end":{"line":51,"column":1}},"9":{"start":{"line":48,"column":2},"end":{"line":50,"column":3}},"10":{"start":{"line":53,"column":33},"end":{"line":58,"column":1}},"11":{"start":{"line":54,"column":2},"end":{"line":57,"column":3}},"12":{"start":{"line":60,"column":33},"end":{"line":65,"column":1}},"13":{"start":{"line":61,"column":2},"end":{"line":64,"column":3}},"14":{"start":{"line":68,"column":2},"end":{"line":72,"column":3}},"15":{"start":{"line":76,"column":2},"end":{"line":79,"column":3}},"16":{"start":{"line":83,"column":2},"end":{"line":86,"column":3}}},"fnMap":{"0":{"name":"(anonymous_0)","decl":{"start":{"line":33,"column":26},"end":{"line":33,"column":27}},"loc":{"start":{"line":33,"column":32},"end":{"line":45,"column":1}},"line":33},"1":{"name":"(anonymous_1)","decl":{"start":{"line":34,"column":9},"end":{"line":34,"column":10}},"loc":{"start":{"line":34,"column":33},"end":{"line":44,"column":3}},"line":34},"2":{"name":"(anonymous_2)","decl":{"start":{"line":38,"column":12},"end":{"line":38,"column":13}},"loc":{"start":{"line":38,"column":24},"end":{"line":38,"column":39}},"line":38},"3":{"name":"(anonymous_3)","decl":{"start":{"line":39,"column":12},"end":{"line":39,"column":13}},"loc":{"start":{"line":39,"column":20},"end":{"line":39,"column":53}},"line":39},"4":{"name":"(anonymous_4)","decl":{"start":{"line":40,"column":13},"end":{"line":40,"column":14}},"loc":{"start":{"line":40,"column":22},"end":{"line":43,"column":7}},"line":40},"5":{"name":"(anonymous_5)","decl":{"start":{"line":47,"column":33},"end":{"line":47,"column":34}},"loc":{"start":{"line":47,"column":47},"end":{"line":51,"column":1}},"line":47},"6":{"name":"(anonymous_6)","decl":{"start":{"line":53,"column":33},"end":{"line":53,"column":34}},"loc":{"start":{"line":53,"column":61},"end":{"line":58,"column":1}},"line":53},"7":{"name":"(anonymous_7)","decl":{"start":{"line":60,"column":33},"end":{"line":60,"column":34}},"loc":{"start":{"line":60,"column":57},"end":{"line":65,"column":1}},"line":60},"8":{"name":"updateMasters","decl":{"start":{"line":67,"column":16},"end":{"line":67,"column":29}},"loc":{"start":{"line":67,"column":76},"end":{"line":73,"column":1}},"line":67},"9":{"name":"addMaster","decl":{"start":{"line":75,"column":16},"end":{"line":75,"column":25}},"loc":{"start":{"line":75,"column":50},"end":{"line":80,"column":1}},"line":75},"10":{"name":"deleteMaster","decl":{"start":{"line":82,"column":16},"end":{"line":82,"column":28}},"loc":{"start":{"line":82,"column":59},"end":{"line":87,"column":1}},"line":82}},"branchMap":{},"s":{"0":6,"1":8,"2":8,"3":8,"4":0,"5":0,"6":0,"7":0,"8":6,"9":9,"10":6,"11":1,"12":6,"13":1,"14":1,"15":1,"16":1},"f":{"0":8,"1":8,"2":0,"3":0,"4":0,"5":9,"6":1,"7":1,"8":1,"9":1,"10":1},"b":{},"_coverageSchema":"43e27e138ebf9cfc5966b082cf9a028302ed4184","hash":"d2ba054e1e3b7f1b800377644b0080e40dcb3636"}
,"/home/new/Desktop/clockware-application/client/src/store/orders/actions.ts": {"path":"/home/new/Desktop/clockware-application/client/src/store/orders/actions.ts","statementMap":{"0":{"start":{"line":87,"column":25},"end":{"line":107,"column":1}},"1":{"start":{"line":88,"column":2},"end":{"line":106,"column":3}},"2":{"start":{"line":89,"column":4},"end":{"line":89,"column":33}},"3":{"start":{"line":91,"column":4},"end":{"line":91,"column":71}},"4":{"start":{"line":91,"column":28},"end":{"line":91,"column":71}},"5":{"start":{"line":93,"column":29},"end":{"line":97,"column":5}},"6":{"start":{"line":99,"column":4},"end":{"line":105,"column":9}},"7":{"start":{"line":100,"column":24},"end":{"line":100,"column":39}},"8":{"start":{"line":101,"column":40},"end":{"line":101,"column":72}},"9":{"start":{"line":103,"column":8},"end":{"line":103,"column":37}},"10":{"start":{"line":104,"column":8},"end":{"line":104,"column":41}},"11":{"start":{"line":109,"column":32},"end":{"line":113,"column":1}},"12":{"start":{"line":110,"column":2},"end":{"line":112,"column":3}},"13":{"start":{"line":115,"column":32},"end":{"line":120,"column":1}},"14":{"start":{"line":116,"column":2},"end":{"line":119,"column":3}},"15":{"start":{"line":122,"column":32},"end":{"line":127,"column":1}},"16":{"start":{"line":123,"column":2},"end":{"line":126,"column":3}},"17":{"start":{"line":130,"column":2},"end":{"line":134,"column":3}},"18":{"start":{"line":138,"column":2},"end":{"line":141,"column":3}}},"fnMap":{"0":{"name":"(anonymous_0)","decl":{"start":{"line":87,"column":25},"end":{"line":87,"column":26}},"loc":{"start":{"line":87,"column":53},"end":{"line":107,"column":1}},"line":87},"1":{"name":"(anonymous_1)","decl":{"start":{"line":88,"column":9},"end":{"line":88,"column":10}},"loc":{"start":{"line":88,"column":33},"end":{"line":106,"column":3}},"line":88},"2":{"name":"(anonymous_2)","decl":{"start":{"line":100,"column":12},"end":{"line":100,"column":13}},"loc":{"start":{"line":100,"column":24},"end":{"line":100,"column":39}},"line":100},"3":{"name":"(anonymous_3)","decl":{"start":{"line":101,"column":12},"end":{"line":101,"column":13}},"loc":{"start":{"line":101,"column":40},"end":{"line":101,"column":72}},"line":101},"4":{"name":"(anonymous_4)","decl":{"start":{"line":102,"column":13},"end":{"line":102,"column":14}},"loc":{"start":{"line":102,"column":22},"end":{"line":105,"column":7}},"line":102},"5":{"name":"(anonymous_5)","decl":{"start":{"line":109,"column":32},"end":{"line":109,"column":33}},"loc":{"start":{"line":109,"column":46},"end":{"line":113,"column":1}},"line":109},"6":{"name":"(anonymous_6)","decl":{"start":{"line":115,"column":32},"end":{"line":115,"column":33}},"loc":{"start":{"line":115,"column":68},"end":{"line":120,"column":1}},"line":115},"7":{"name":"(anonymous_7)","decl":{"start":{"line":122,"column":32},"end":{"line":122,"column":33}},"loc":{"start":{"line":122,"column":56},"end":{"line":127,"column":1}},"line":122},"8":{"name":"updateOrder","decl":{"start":{"line":129,"column":16},"end":{"line":129,"column":27}},"loc":{"start":{"line":129,"column":71},"end":{"line":135,"column":1}},"line":129},"9":{"name":"deleteOrders","decl":{"start":{"line":137,"column":16},"end":{"line":137,"column":28}},"loc":{"start":{"line":137,"column":49},"end":{"line":142,"column":1}},"line":137}},"branchMap":{"0":{"loc":{"start":{"line":91,"column":4},"end":{"line":91,"column":71}},"type":"if","locations":[{"start":{"line":91,"column":4},"end":{"line":91,"column":71}},{"start":{"line":91,"column":4},"end":{"line":91,"column":71}}],"line":91}},"s":{"0":3,"1":2,"2":2,"3":2,"4":0,"5":2,"6":2,"7":0,"8":0,"9":0,"10":0,"11":3,"12":3,"13":3,"14":1,"15":3,"16":1,"17":1,"18":1},"f":{"0":2,"1":2,"2":0,"3":0,"4":0,"5":3,"6":1,"7":1,"8":1,"9":1},"b":{"0":[0,2]},"_coverageSchema":"43e27e138ebf9cfc5966b082cf9a028302ed4184","hash":"6395bc2977bb9aaf5558f7f4eae94b00fcb4cace"}
,"/home/new/Desktop/clockware-application/client/src/store/orders/reducer.ts": {"path":"/home/new/Desktop/clockware-application/client/src/store/orders/reducer.ts","statementMap":{"0":{"start":{"line":15,"column":34},"end":{"line":18,"column":1}},"1":{"start":{"line":21,"column":36},"end":{"line":21,"column":48}},"2":{"start":{"line":22,"column":17},"end":{"line":22,"column":22}},"3":{"start":{"line":24,"column":2},"end":{"line":68,"column":3}},"4":{"start":{"line":26,"column":6},"end":{"line":29,"column":7}},"5":{"start":{"line":31,"column":6},"end":{"line":35,"column":7}},"6":{"start":{"line":37,"column":6},"end":{"line":41,"column":7}},"7":{"start":{"line":43,"column":24},"end":{"line":43,"column":47}},"8":{"start":{"line":44,"column":27},"end":{"line":44,"column":83}},"9":{"start":{"line":44,"column":64},"end":{"line":44,"column":82}},"10":{"start":{"line":45,"column":6},"end":{"line":54,"column":7}},"11":{"start":{"line":46,"column":8},"end":{"line":46,"column":52}},"12":{"start":{"line":47,"column":8},"end":{"line":47,"column":40}},"13":{"start":{"line":48,"column":8},"end":{"line":48,"column":40}},"14":{"start":{"line":49,"column":8},"end":{"line":49,"column":54}},"15":{"start":{"line":50,"column":8},"end":{"line":50,"column":64}},"16":{"start":{"line":51,"column":8},"end":{"line":51,"column":60}},"17":{"start":{"line":52,"column":8},"end":{"line":52,"column":50}},"18":{"start":{"line":53,"column":8},"end":{"line":53,"column":56}},"19":{"start":{"line":55,"column":6},"end":{"line":58,"column":7}},"20":{"start":{"line":60,"column":22},"end":{"line":60,"column":45}},"21":{"start":{"line":61,"column":6},"end":{"line":61,"column":83}},"22":{"start":{"line":61,"column":64},"end":{"line":61,"column":82}},"23":{"start":{"line":62,"column":6},"end":{"line":65,"column":7}},"24":{"start":{"line":67,"column":6},"end":{"line":67,"column":18}}},"fnMap":{"0":{"name":"ordersReducer","decl":{"start":{"line":20,"column":24},"end":{"line":20,"column":37}},"loc":{"start":{"line":20,"column":76},"end":{"line":69,"column":1}},"line":20},"1":{"name":"(anonymous_1)","decl":{"start":{"line":44,"column":49},"end":{"line":44,"column":50}},"loc":{"start":{"line":44,"column":64},"end":{"line":44,"column":82}},"line":44},"2":{"name":"(anonymous_2)","decl":{"start":{"line":61,"column":49},"end":{"line":61,"column":50}},"loc":{"start":{"line":61,"column":64},"end":{"line":61,"column":82}},"line":61}},"branchMap":{"0":{"loc":{"start":{"line":20,"column":38},"end":{"line":20,"column":58}},"type":"default-arg","locations":[{"start":{"line":20,"column":46},"end":{"line":20,"column":58}}],"line":20},"1":{"loc":{"start":{"line":21,"column":36},"end":{"line":21,"column":48}},"type":"binary-expr","locations":[{"start":{"line":21,"column":36},"end":{"line":21,"column":42}},{"start":{"line":21,"column":46},"end":{"line":21,"column":48}}],"line":21},"2":{"loc":{"start":{"line":24,"column":2},"end":{"line":68,"column":3}},"type":"switch","locations":[{"start":{"line":25,"column":4},"end":{"line":29,"column":7}},{"start":{"line":30,"column":4},"end":{"line":35,"column":7}},{"start":{"line":36,"column":4},"end":{"line":41,"column":7}},{"start":{"line":42,"column":4},"end":{"line":58,"column":7}},{"start":{"line":59,"column":4},"end":{"line":65,"column":7}},{"start":{"line":66,"column":4},"end":{"line":67,"column":18}}],"line":24},"3":{"loc":{"start":{"line":45,"column":6},"end":{"line":54,"column":7}},"type":"if","locations":[{"start":{"line":45,"column":6},"end":{"line":54,"column":7}},{"start":{"line":45,"column":6},"end":{"line":54,"column":7}}],"line":45}},"s":{"0":12,"1":55,"2":55,"3":55,"4":2,"5":1,"6":1,"7":1,"8":1,"9":1,"10":1,"11":1,"12":1,"13":1,"14":1,"15":1,"16":1,"17":1,"18":1,"19":1,"20":1,"21":1,"22":1,"23":1,"24":49},"f":{"0":55,"1":1,"2":1},"b":{"0":[33],"1":[55,0],"2":[2,1,1,1,1,49],"3":[1,0]},"_coverageSchema":"43e27e138ebf9cfc5966b082cf9a028302ed4184","hash":"c7b7a41f699698b4ba83081a56f9297558a2482e"}
,"/home/new/Desktop/clockware-application/client/src/store/ordersClient/actions.ts": {"path":"/home/new/Desktop/clockware-application/client/src/store/ordersClient/actions.ts","statementMap":{"0":{"start":{"line":25,"column":2},"end":{"line":28,"column":3}}},"fnMap":{"0":{"name":"addToOrderForm","decl":{"start":{"line":24,"column":16},"end":{"line":24,"column":30}},"loc":{"start":{"line":24,"column":57},"end":{"line":29,"column":1}},"line":24}},"branchMap":{},"s":{"0":4},"f":{"0":4},"b":{},"_coverageSchema":"43e27e138ebf9cfc5966b082cf9a028302ed4184","hash":"765fe24a76974c7cb8064c79e1c6ca34d6f710a2"}
,"/home/new/Desktop/clockware-application/client/src/store/ordersClient/reducer.ts": {"path":"/home/new/Desktop/clockware-application/client/src/store/ordersClient/reducer.ts","statementMap":{"0":{"start":{"line":10,"column":39},"end":{"line":12,"column":1}},"1":{"start":{"line":15,"column":17},"end":{"line":15,"column":29}},"2":{"start":{"line":17,"column":2},"end":{"line":25,"column":3}},"3":{"start":{"line":19,"column":6},"end":{"line":22,"column":7}},"4":{"start":{"line":24,"column":6},"end":{"line":24,"column":18}}},"fnMap":{"0":{"name":"ordersClientReducer","decl":{"start":{"line":14,"column":24},"end":{"line":14,"column":43}},"loc":{"start":{"line":14,"column":82},"end":{"line":26,"column":1}},"line":14}},"branchMap":{"0":{"loc":{"start":{"line":14,"column":44},"end":{"line":14,"column":64}},"type":"default-arg","locations":[{"start":{"line":14,"column":52},"end":{"line":14,"column":64}}],"line":14},"1":{"loc":{"start":{"line":15,"column":17},"end":{"line":15,"column":29}},"type":"binary-expr","locations":[{"start":{"line":15,"column":17},"end":{"line":15,"column":23}},{"start":{"line":15,"column":27},"end":{"line":15,"column":29}}],"line":15},"2":{"loc":{"start":{"line":17,"column":2},"end":{"line":25,"column":3}},"type":"switch","locations":[{"start":{"line":18,"column":4},"end":{"line":22,"column":7}},{"start":{"line":23,"column":4},"end":{"line":24,"column":18}}],"line":17}},"s":{"0":12,"1":51,"2":51,"3":3,"4":48},"f":{"0":51},"b":{"0":[33],"1":[51,0],"2":[3,48]},"_coverageSchema":"43e27e138ebf9cfc5966b082cf9a028302ed4184","hash":"247cc0b1b570ffe45a08e5af915a07496922341c"}
,"/home/new/Desktop/clockware-application/client/src/store/prices/actions.ts": {"path":"/home/new/Desktop/clockware-application/client/src/store/prices/actions.ts","statementMap":{"0":{"start":{"line":24,"column":25},"end":{"line":36,"column":1}},"1":{"start":{"line":25,"column":2},"end":{"line":35,"column":3}},"2":{"start":{"line":26,"column":4},"end":{"line":26,"column":33}},"3":{"start":{"line":28,"column":4},"end":{"line":34,"column":9}},"4":{"start":{"line":29,"column":24},"end":{"line":29,"column":39}},"5":{"start":{"line":30,"column":20},"end":{"line":30,"column":52}},"6":{"start":{"line":32,"column":8},"end":{"line":32,"column":37}},"7":{"start":{"line":33,"column":8},"end":{"line":33,"column":41}},"8":{"start":{"line":38,"column":32},"end":{"line":42,"column":1}},"9":{"start":{"line":39,"column":2},"end":{"line":41,"column":3}},"10":{"start":{"line":44,"column":32},"end":{"line":49,"column":1}},"11":{"start":{"line":45,"column":2},"end":{"line":48,"column":3}},"12":{"start":{"line":51,"column":32},"end":{"line":56,"column":1}},"13":{"start":{"line":52,"column":2},"end":{"line":55,"column":3}},"14":{"start":{"line":59,"column":2},"end":{"line":63,"column":3}}},"fnMap":{"0":{"name":"(anonymous_0)","decl":{"start":{"line":24,"column":25},"end":{"line":24,"column":26}},"loc":{"start":{"line":24,"column":31},"end":{"line":36,"column":1}},"line":24},"1":{"name":"(anonymous_1)","decl":{"start":{"line":25,"column":9},"end":{"line":25,"column":10}},"loc":{"start":{"line":25,"column":33},"end":{"line":35,"column":3}},"line":25},"2":{"name":"(anonymous_2)","decl":{"start":{"line":29,"column":12},"end":{"line":29,"column":13}},"loc":{"start":{"line":29,"column":24},"end":{"line":29,"column":39}},"line":29},"3":{"name":"(anonymous_3)","decl":{"start":{"line":30,"column":12},"end":{"line":30,"column":13}},"loc":{"start":{"line":30,"column":20},"end":{"line":30,"column":52}},"line":30},"4":{"name":"(anonymous_4)","decl":{"start":{"line":31,"column":13},"end":{"line":31,"column":14}},"loc":{"start":{"line":31,"column":22},"end":{"line":34,"column":7}},"line":31},"5":{"name":"(anonymous_5)","decl":{"start":{"line":38,"column":32},"end":{"line":38,"column":33}},"loc":{"start":{"line":38,"column":46},"end":{"line":42,"column":1}},"line":38},"6":{"name":"(anonymous_6)","decl":{"start":{"line":44,"column":32},"end":{"line":44,"column":33}},"loc":{"start":{"line":44,"column":66},"end":{"line":49,"column":1}},"line":44},"7":{"name":"(anonymous_7)","decl":{"start":{"line":51,"column":32},"end":{"line":51,"column":33}},"loc":{"start":{"line":51,"column":56},"end":{"line":56,"column":1}},"line":51},"8":{"name":"updatePrices","decl":{"start":{"line":58,"column":16},"end":{"line":58,"column":28}},"loc":{"start":{"line":58,"column":84},"end":{"line":64,"column":1}},"line":58}},"branchMap":{},"s":{"0":5,"1":7,"2":7,"3":7,"4":0,"5":0,"6":0,"7":0,"8":5,"9":8,"10":5,"11":1,"12":5,"13":1,"14":1},"f":{"0":7,"1":7,"2":0,"3":0,"4":0,"5":8,"6":1,"7":1,"8":1},"b":{},"_coverageSchema":"43e27e138ebf9cfc5966b082cf9a028302ed4184","hash":"df18fc81e4bfe033e3fe85cfdb26484414abdff8"}
,"/home/new/Desktop/clockware-application/client/src/store/users/actions.ts": {"path":"/home/new/Desktop/clockware-application/client/src/store/users/actions.ts","statementMap":{"0":{"start":{"line":40,"column":26},"end":{"line":60,"column":1}},"1":{"start":{"line":41,"column":2},"end":{"line":59,"column":3}},"2":{"start":{"line":42,"column":4},"end":{"line":42,"column":34}},"3":{"start":{"line":44,"column":4},"end":{"line":44,"column":47}},"4":{"start":{"line":45,"column":29},"end":{"line":48,"column":5}},"5":{"start":{"line":49,"column":4},"end":{"line":58,"column":9}},"6":{"start":{"line":50,"column":19},"end":{"line":50,"column":29}},"7":{"start":{"line":52,"column":8},"end":{"line":52,"column":37}},"8":{"start":{"line":53,"column":8},"end":{"line":53,"column":40}},"9":{"start":{"line":56,"column":8},"end":{"line":56,"column":37}},"10":{"start":{"line":57,"column":8},"end":{"line":57,"column":42}},"11":{"start":{"line":62,"column":21},"end":{"line":84,"column":1}},"12":{"start":{"line":63,"column":2},"end":{"line":83,"column":3}},"13":{"start":{"line":64,"column":4},"end":{"line":64,"column":29}},"14":{"start":{"line":66,"column":29},"end":{"line":70,"column":5}},"15":{"start":{"line":71,"column":4},"end":{"line":82,"column":9}},"16":{"start":{"line":72,"column":19},"end":{"line":72,"column":29}},"17":{"start":{"line":74,"column":8},"end":{"line":74,"column":29}},"18":{"start":{"line":75,"column":8},"end":{"line":75,"column":64}},"19":{"start":{"line":76,"column":8},"end":{"line":76,"column":32}},"20":{"start":{"line":77,"column":8},"end":{"line":77,"column":40}},"21":{"start":{"line":80,"column":8},"end":{"line":80,"column":37}},"22":{"start":{"line":81,"column":8},"end":{"line":81,"column":37}},"23":{"start":{"line":86,"column":31},"end":{"line":107,"column":1}},"24":{"start":{"line":87,"column":2},"end":{"line":106,"column":3}},"25":{"start":{"line":88,"column":4},"end":{"line":88,"column":35}},"26":{"start":{"line":90,"column":4},"end":{"line":90,"column":34}},"27":{"start":{"line":91,"column":29},"end":{"line":95,"column":5}},"28":{"start":{"line":96,"column":4},"end":{"line":105,"column":9}},"29":{"start":{"line":97,"column":19},"end":{"line":97,"column":29}},"30":{"start":{"line":99,"column":8},"end":{"line":99,"column":38}},"31":{"start":{"line":100,"column":8},"end":{"line":100,"column":60}},"32":{"start":{"line":103,"column":8},"end":{"line":103,"column":37}},"33":{"start":{"line":104,"column":8},"end":{"line":104,"column":43}},"34":{"start":{"line":109,"column":34},"end":{"line":113,"column":1}},"35":{"start":{"line":110,"column":2},"end":{"line":112,"column":3}},"36":{"start":{"line":115,"column":34},"end":{"line":119,"column":1}},"37":{"start":{"line":116,"column":2},"end":{"line":118,"column":3}},"38":{"start":{"line":121,"column":34},"end":{"line":126,"column":1}},"39":{"start":{"line":122,"column":2},"end":{"line":125,"column":3}},"40":{"start":{"line":128,"column":33},"end":{"line":132,"column":1}},"41":{"start":{"line":129,"column":2},"end":{"line":131,"column":3}},"42":{"start":{"line":134,"column":33},"end":{"line":138,"column":1}},"43":{"start":{"line":135,"column":2},"end":{"line":137,"column":3}},"44":{"start":{"line":140,"column":33},"end":{"line":145,"column":1}},"45":{"start":{"line":141,"column":2},"end":{"line":144,"column":3}},"46":{"start":{"line":147,"column":28},"end":{"line":151,"column":1}},"47":{"start":{"line":148,"column":2},"end":{"line":150,"column":3}},"48":{"start":{"line":153,"column":28},"end":{"line":157,"column":1}},"49":{"start":{"line":154,"column":2},"end":{"line":156,"column":3}},"50":{"start":{"line":159,"column":28},"end":{"line":164,"column":1}},"51":{"start":{"line":160,"column":2},"end":{"line":163,"column":3}},"52":{"start":{"line":167,"column":2},"end":{"line":170,"column":3}},"53":{"start":{"line":174,"column":2},"end":{"line":176,"column":3}}},"fnMap":{"0":{"name":"(anonymous_0)","decl":{"start":{"line":40,"column":26},"end":{"line":40,"column":27}},"loc":{"start":{"line":40,"column":32},"end":{"line":60,"column":1}},"line":40},"1":{"name":"(anonymous_1)","decl":{"start":{"line":41,"column":9},"end":{"line":41,"column":10}},"loc":{"start":{"line":41,"column":33},"end":{"line":59,"column":3}},"line":41},"2":{"name":"(anonymous_2)","decl":{"start":{"line":50,"column":12},"end":{"line":50,"column":13}},"loc":{"start":{"line":50,"column":19},"end":{"line":50,"column":29}},"line":50},"3":{"name":"(anonymous_3)","decl":{"start":{"line":51,"column":12},"end":{"line":51,"column":13}},"loc":{"start":{"line":51,"column":20},"end":{"line":54,"column":7}},"line":51},"4":{"name":"(anonymous_4)","decl":{"start":{"line":55,"column":13},"end":{"line":55,"column":14}},"loc":{"start":{"line":55,"column":22},"end":{"line":58,"column":7}},"line":55},"5":{"name":"(anonymous_5)","decl":{"start":{"line":62,"column":21},"end":{"line":62,"column":22}},"loc":{"start":{"line":62,"column":74},"end":{"line":84,"column":1}},"line":62},"6":{"name":"(anonymous_6)","decl":{"start":{"line":63,"column":9},"end":{"line":63,"column":10}},"loc":{"start":{"line":63,"column":33},"end":{"line":83,"column":3}},"line":63},"7":{"name":"(anonymous_7)","decl":{"start":{"line":72,"column":12},"end":{"line":72,"column":13}},"loc":{"start":{"line":72,"column":19},"end":{"line":72,"column":29}},"line":72},"8":{"name":"(anonymous_8)","decl":{"start":{"line":73,"column":12},"end":{"line":73,"column":13}},"loc":{"start":{"line":73,"column":20},"end":{"line":78,"column":7}},"line":73},"9":{"name":"(anonymous_9)","decl":{"start":{"line":79,"column":13},"end":{"line":79,"column":14}},"loc":{"start":{"line":79,"column":22},"end":{"line":82,"column":7}},"line":79},"10":{"name":"(anonymous_10)","decl":{"start":{"line":86,"column":31},"end":{"line":86,"column":32}},"loc":{"start":{"line":86,"column":98},"end":{"line":107,"column":1}},"line":86},"11":{"name":"(anonymous_11)","decl":{"start":{"line":87,"column":9},"end":{"line":87,"column":10}},"loc":{"start":{"line":87,"column":28},"end":{"line":106,"column":3}},"line":87},"12":{"name":"(anonymous_12)","decl":{"start":{"line":97,"column":12},"end":{"line":97,"column":13}},"loc":{"start":{"line":97,"column":19},"end":{"line":97,"column":29}},"line":97},"13":{"name":"(anonymous_13)","decl":{"start":{"line":98,"column":12},"end":{"line":98,"column":13}},"loc":{"start":{"line":98,"column":20},"end":{"line":101,"column":7}},"line":98},"14":{"name":"(anonymous_14)","decl":{"start":{"line":102,"column":13},"end":{"line":102,"column":14}},"loc":{"start":{"line":102,"column":22},"end":{"line":105,"column":7}},"line":102},"15":{"name":"(anonymous_15)","decl":{"start":{"line":109,"column":34},"end":{"line":109,"column":35}},"loc":{"start":{"line":109,"column":48},"end":{"line":113,"column":1}},"line":109},"16":{"name":"(anonymous_16)","decl":{"start":{"line":115,"column":34},"end":{"line":115,"column":35}},"loc":{"start":{"line":115,"column":48},"end":{"line":119,"column":1}},"line":115},"17":{"name":"(anonymous_17)","decl":{"start":{"line":121,"column":34},"end":{"line":121,"column":35}},"loc":{"start":{"line":121,"column":58},"end":{"line":126,"column":1}},"line":121},"18":{"name":"(anonymous_18)","decl":{"start":{"line":128,"column":33},"end":{"line":128,"column":34}},"loc":{"start":{"line":128,"column":47},"end":{"line":132,"column":1}},"line":128},"19":{"name":"(anonymous_19)","decl":{"start":{"line":134,"column":33},"end":{"line":134,"column":34}},"loc":{"start":{"line":134,"column":47},"end":{"line":138,"column":1}},"line":134},"20":{"name":"(anonymous_20)","decl":{"start":{"line":140,"column":33},"end":{"line":140,"column":34}},"loc":{"start":{"line":140,"column":57},"end":{"line":145,"column":1}},"line":140},"21":{"name":"(anonymous_21)","decl":{"start":{"line":147,"column":28},"end":{"line":147,"column":29}},"loc":{"start":{"line":147,"column":42},"end":{"line":151,"column":1}},"line":147},"22":{"name":"(anonymous_22)","decl":{"start":{"line":153,"column":28},"end":{"line":153,"column":29}},"loc":{"start":{"line":153,"column":42},"end":{"line":157,"column":1}},"line":153},"23":{"name":"(anonymous_23)","decl":{"start":{"line":159,"column":28},"end":{"line":159,"column":29}},"loc":{"start":{"line":159,"column":52},"end":{"line":164,"column":1}},"line":159},"24":{"name":"updateUserParams","decl":{"start":{"line":166,"column":16},"end":{"line":166,"column":32}},"loc":{"start":{"line":166,"column":57},"end":{"line":171,"column":1}},"line":166},"25":{"name":"logOut","decl":{"start":{"line":173,"column":16},"end":{"line":173,"column":22}},"loc":{"start":{"line":173,"column":33},"end":{"line":177,"column":1}},"line":173}},"branchMap":{"0":{"loc":{"start":{"line":75,"column":8},"end":{"line":75,"column":63}},"type":"binary-expr","locations":[{"start":{"line":75,"column":8},"end":{"line":75,"column":18}},{"start":{"line":75,"column":22},"end":{"line":75,"column":63}}],"line":75}},"s":{"0":5,"1":0,"2":0,"3":0,"4":0,"5":0,"6":0,"7":0,"8":0,"9":0,"10":0,"11":5,"12":0,"13":0,"14":0,"15":0,"16":0,"17":0,"18":0,"19":0,"20":0,"21":0,"22":0,"23":5,"24":0,"25":0,"26":0,"27":0,"28":0,"29":0,"30":0,"31":0,"32":0,"33":0,"34":5,"35":1,"36":5,"37":1,"38":5,"39":1,"40":5,"41":1,"42":5,"43":1,"44":5,"45":1,"46":5,"47":0,"48":5,"49":0,"50":5,"51":0,"52":1,"53":1},"f":{"0":0,"1":0,"2":0,"3":0,"4":0,"5":0,"6":0,"7":0,"8":0,"9":0,"10":0,"11":0,"12":0,"13":0,"14":0,"15":1,"16":1,"17":1,"18":1,"19":1,"20":1,"21":0,"22":0,"23":0,"24":1,"25":1},"b":{"0":[0,0]},"_coverageSchema":"43e27e138ebf9cfc5966b082cf9a028302ed4184","hash":"e79f33b2c2b693a293f106572b143efd239f705c"}
}
