TN:
SF:/home/new/Desktop/clockware-application/client/src/index.tsx
FNF:0
FNH:0
DA:11,0
DA:23,0
LF:2
LH:0
BRDA:17,0,0,0
BRDA:17,0,1,0
BRF:2
BRH:0
end_of_record
TN:
SF:/home/new/Desktop/clockware-application/client/src/api/updateElement.ts
FN:9,(anonymous_0)
FN:24,(anonymous_1)
FN:25,(anonymous_2)
FNF:3
FNH:2
FNDA:1,(anonymous_0)
FNDA:1,(anonymous_1)
FNDA:0,(anonymous_2)
DA:9,6
DA:16,1
DA:18,1
DA:23,1
DA:24,1
DA:26,0
LF:6
LH:5
BRDA:16,0,0,0
BRDA:16,0,1,1
BRF:2
BRH:1
end_of_record
TN:
SF:/home/new/Desktop/clockware-application/client/src/store/reducer.ts
FNF:0
FNH:0
DA:12,11
DA:21,11
DA:25,11
LF:3
LH:3
BRF:0
BRH:0
end_of_record
TN:
SF:/home/new/Desktop/clockware-application/client/src/store/cities/actions.ts
FN:26,(anonymous_0)
FN:27,(anonymous_1)
FN:31,(anonymous_2)
FN:32,(anonymous_3)
FN:33,(anonymous_4)
FN:40,(anonymous_5)
FN:46,(anonymous_6)
FN:53,(anonymous_7)
FN:60,updateCities
FN:68,addCity
FN:75,deleteCity
FNF:11
FNH:8
FNDA:11,(anonymous_0)
FNDA:11,(anonymous_1)
FNDA:0,(anonymous_2)
FNDA:0,(anonymous_3)
FNDA:0,(anonymous_4)
FNDA:12,(anonymous_5)
FNDA:1,(anonymous_6)
FNDA:1,(anonymous_7)
FNDA:1,updateCities
FNDA:1,addCity
FNDA:1,deleteCity
DA:26,7
DA:27,11
DA:28,11
DA:30,11
DA:31,0
DA:32,0
DA:34,0
DA:35,0
DA:40,7
DA:41,12
DA:46,7
DA:47,1
DA:53,7
DA:54,1
DA:61,1
DA:69,1
DA:76,1
LF:17
LH:13
BRF:0
BRH:0
end_of_record
TN:
SF:/home/new/Desktop/clockware-application/client/src/store/masters/actions.ts
FN:33,(anonymous_0)
FN:34,(anonymous_1)
FN:38,(anonymous_2)
FN:39,(anonymous_3)
FN:40,(anonymous_4)
FN:47,(anonymous_5)
FN:53,(anonymous_6)
FN:60,(anonymous_7)
FN:67,updateMasters
FN:75,addMaster
FN:82,deleteMaster
FNF:11
FNH:8
FNDA:8,(anonymous_0)
FNDA:8,(anonymous_1)
FNDA:0,(anonymous_2)
FNDA:0,(anonymous_3)
FNDA:0,(anonymous_4)
FNDA:9,(anonymous_5)
FNDA:1,(anonymous_6)
FNDA:1,(anonymous_7)
FNDA:1,updateMasters
FNDA:1,addMaster
FNDA:1,deleteMaster
DA:33,6
DA:34,8
DA:35,8
DA:37,8
DA:38,0
DA:39,0
DA:41,0
DA:42,0
DA:47,6
DA:48,9
DA:53,6
DA:54,1
DA:60,6
DA:61,1
DA:68,1
DA:76,1
DA:83,1
LF:17
LH:13
BRF:0
BRH:0
end_of_record
TN:
SF:/home/new/Desktop/clockware-application/client/src/store/orders/actions.ts
FN:87,(anonymous_0)
FN:88,(anonymous_1)
FN:100,(anonymous_2)
FN:101,(anonymous_3)
FN:102,(anonymous_4)
FN:109,(anonymous_5)
FN:115,(anonymous_6)
FN:122,(anonymous_7)
FN:129,updateOrder
FN:137,deleteOrders
FNF:10
FNH:7
FNDA:2,(anonymous_0)
FNDA:2,(anonymous_1)
FNDA:0,(anonymous_2)
FNDA:0,(anonymous_3)
FNDA:0,(anonymous_4)
FNDA:3,(anonymous_5)
FNDA:1,(anonymous_6)
FNDA:1,(anonymous_7)
FNDA:1,updateOrder
FNDA:1,deleteOrders
DA:87,3
DA:88,2
DA:89,2
DA:91,2
DA:93,2
DA:99,2
DA:100,0
DA:101,0
DA:103,0
DA:104,0
DA:109,3
DA:110,3
DA:115,3
DA:116,1
DA:122,3
DA:123,1
DA:130,1
DA:138,1
LF:18
LH:14
BRDA:91,0,0,0
BRDA:91,0,1,2
BRF:2
BRH:1
end_of_record
TN:
SF:/home/new/Desktop/clockware-application/client/src/store/orders/reducer.ts
FN:20,ordersReducer
FN:44,(anonymous_1)
FN:61,(anonymous_2)
FNF:3
FNH:3
FNDA:55,ordersReducer
FNDA:1,(anonymous_1)
FNDA:1,(anonymous_2)
DA:15,12
DA:21,55
DA:22,55
DA:24,55
DA:26,2
DA:31,1
DA:37,1
DA:43,1
DA:44,1
DA:45,1
DA:46,1
DA:47,1
DA:48,1
DA:49,1
DA:50,1
DA:51,1
DA:52,1
DA:53,1
DA:55,1
DA:60,1
DA:61,1
DA:62,1
DA:67,49
LF:23
LH:23
BRDA:20,0,0,33
BRDA:21,1,0,55
BRDA:21,1,1,0
BRDA:24,2,0,2
BRDA:24,2,1,1
BRDA:24,2,2,1
BRDA:24,2,3,1
BRDA:24,2,4,1
BRDA:24,2,5,49
BRDA:45,3,0,1
BRDA:45,3,1,0
BRF:11
BRH:9
end_of_record
TN:
SF:/home/new/Desktop/clockware-application/client/src/store/ordersClient/actions.ts
FN:24,addToOrderForm
FNF:1
FNH:1
FNDA:4,addToOrderForm
DA:25,4
LF:1
LH:1
BRF:0
BRH:0
end_of_record
TN:
SF:/home/new/Desktop/clockware-application/client/src/store/ordersClient/reducer.ts
FN:14,ordersClientReducer
FNF:1
FNH:1
FNDA:51,ordersClientReducer
DA:10,12
DA:15,51
DA:17,51
DA:19,3
DA:24,48
LF:5
LH:5
BRDA:14,0,0,33
BRDA:15,1,0,51
BRDA:15,1,1,0
BRDA:17,2,0,3
BRDA:17,2,1,48
BRF:5
BRH:4
end_of_record
TN:
SF:/home/new/Desktop/clockware-application/client/src/store/prices/actions.ts
FN:24,(anonymous_0)
FN:25,(anonymous_1)
FN:29,(anonymous_2)
FN:30,(anonymous_3)
FN:31,(anonymous_4)
FN:38,(anonymous_5)
FN:44,(anonymous_6)
FN:51,(anonymous_7)
FN:58,updatePrices
FNF:9
FNH:6
FNDA:7,(anonymous_0)
FNDA:7,(anonymous_1)
FNDA:0,(anonymous_2)
FNDA:0,(anonymous_3)
FNDA:0,(anonymous_4)
FNDA:8,(anonymous_5)
FNDA:1,(anonymous_6)
FNDA:1,(anonymous_7)
FNDA:1,updatePrices
DA:24,5
DA:25,7
DA:26,7
DA:28,7
DA:29,0
DA:30,0
DA:32,0
DA:33,0
DA:38,5
DA:39,8
DA:44,5
DA:45,1
DA:51,5
DA:52,1
DA:59,1
LF:15
LH:11
BRF:0
BRH:0
end_of_record
TN:
SF:/home/new/Desktop/clockware-application/client/src/store/users/actions.ts
FN:40,(anonymous_0)
FN:41,(anonymous_1)
FN:50,(anonymous_2)
FN:51,(anonymous_3)
FN:55,(anonymous_4)
FN:62,(anonymous_5)
FN:63,(anonymous_6)
FN:72,(anonymous_7)
FN:73,(anonymous_8)
FN:79,(anonymous_9)
FN:86,(anonymous_10)
FN:87,(anonymous_11)
FN:97,(anonymous_12)
FN:98,(anonymous_13)
FN:102,(anonymous_14)
FN:109,(anonymous_15)
FN:115,(anonymous_16)
FN:121,(anonymous_17)
FN:128,(anonymous_18)
FN:134,(anonymous_19)
FN:140,(anonymous_20)
FN:147,(anonymous_21)
FN:153,(anonymous_22)
FN:159,(anonymous_23)
FN:166,updateUserParams
FN:173,logOut
FNF:26
FNH:8
FNDA:0,(anonymous_0)
FNDA:0,(anonymous_1)
FNDA:0,(anonymous_2)
FNDA:0,(anonymous_3)
FNDA:0,(anonymous_4)
FNDA:0,(anonymous_5)
FNDA:0,(anonymous_6)
FNDA:0,(anonymous_7)
FNDA:0,(anonymous_8)
FNDA:0,(anonymous_9)
FNDA:0,(anonymous_10)
FNDA:0,(anonymous_11)
FNDA:0,(anonymous_12)
FNDA:0,(anonymous_13)
FNDA:0,(anonymous_14)
FNDA:1,(anonymous_15)
FNDA:1,(anonymous_16)
FNDA:1,(anonymous_17)
FNDA:1,(anonymous_18)
FNDA:1,(anonymous_19)
FNDA:1,(anonymous_20)
FNDA:0,(anonymous_21)
FNDA:0,(anonymous_22)
FNDA:0,(anonymous_23)
FNDA:1,updateUserParams
FNDA:1,logOut
DA:40,5
DA:41,0
DA:42,0
DA:44,0
DA:45,0
DA:49,0
DA:50,0
DA:52,0
DA:53,0
DA:56,0
DA:57,0
DA:62,5
DA:63,0
DA:64,0
DA:66,0
DA:71,0
DA:72,0
DA:74,0
DA:75,0
DA:76,0
DA:77,0
DA:80,0
DA:81,0
DA:86,5
DA:87,0
DA:88,0
DA:90,0
DA:91,0
DA:96,0
DA:97,0
DA:99,0
DA:100,0
DA:103,0
DA:104,0
DA:109,5
DA:110,1
DA:115,5
DA:116,1
DA:121,5
DA:122,1
DA:128,5
DA:129,1
DA:134,5
DA:135,1
DA:140,5
DA:141,1
DA:147,5
DA:148,0
DA:153,5
DA:154,0
DA:159,5
DA:160,0
DA:167,1
DA:174,1
LF:54
LH:20
BRDA:75,0,0,0
BRDA:75,0,1,0
BRF:2
BRH:0
end_of_record
